 INFO  Accepting connections at http://localhost:3000
 HTTP  4/7/2026 12:02:38 AM ::1 GET /
 HTTP  4/7/2026 12:02:38 AM ::1 Returned 200 in 23 ms
 HTTP  4/7/2026 12:02:38 AM ::1 GET /nikhil-sai-nethi-portfolio/_next/static/media/797e433ab948586e.p.0.q-h669a_dqa.woff2
 HTTP  4/7/2026 12:02:38 AM ::1 GET /nikhil-sai-nethi-portfolio/_next/static/chunks/01d_wk5bd7f4..css
 HTTP  4/7/2026 12:02:38 AM ::1 GET /nikhil-sai-nethi-portfolio/_next/static/media/caa3a2e1cccd8315.p.16t1db8_9y2o~.woff2
 HTTP  4/7/2026 12:02:38 AM ::1 GET /nikhil-sai-nethi-portfolio/images/nikhil-hero.jpg
 HTTP  4/7/2026 12:02:38 AM ::1 GET /nikhil-sai-nethi-portfolio/_next/static/chunks/08huv9whk1ema.js
 HTTP  4/7/2026 12:02:38 AM ::1 GET /nikhil-sai-nethi-portfolio/_next/static/chunks/0jvyaixqsz1ap.js
 HTTP  4/7/2026 12:02:38 AM ::1 Returned 404 in 23 ms
 HTTP  4/7/2026 12:02:38 AM ::1 Returned 404 in 14 ms
 HTTP  4/7/2026 12:02:38 AM ::1 Returned 404 in 23 ms
 HTTP  4/7/2026 12:02:38 AM ::1 Returned 404 in 23 ms
 HTTP  4/7/2026 12:02:38 AM ::1 Returned 404 in 24 ms
 HTTP  4/7/2026 12:02:38 AM ::1 Returned 404 in 20 ms
 HTTP  4/7/2026 12:02:38 AM ::1 GET /nikhil-sai-nethi-portfolio/_next/static/chunks/0set28cs_mobb.js
 HTTP  4/7/2026 12:02:38 AM ::1 GET /nikhil-sai-nethi-portfolio/_next/static/chunks/069ni3428q-_7.js
 HTTP  4/7/2026 12:02:38 AM ::1 GET /nikhil-sai-nethi-portfolio/_next/static/chunks/turbopack-01oi3q_z25bjx.js
 HTTP  4/7/2026 12:02:38 AM ::1 GET /nikhil-sai-nethi-portfolio/_next/static/chunks/0ikrt.kv~oafj.js
 HTTP  4/7/2026 12:02:38 AM ::1 GET /nikhil-sai-nethi-portfolio/_next/static/chunks/15tpvjfuilrne.js
 HTTP  4/7/2026 12:02:38 AM ::1 GET /nikhil-sai-nethi-portfolio/_next/static/chunks/0qv8c7wy44o7l.js
 HTTP  4/7/2026 12:02:38 AM ::1 Returned 404 in 6 ms
 HTTP  4/7/2026 12:02:38 AM ::1 Returned 404 in 6 ms
 HTTP  4/7/2026 12:02:38 AM ::1 Returned 404 in 6 ms
 HTTP  4/7/2026 12:02:38 AM ::1 Returned 404 in 6 ms
 HTTP  4/7/2026 12:02:38 AM ::1 Returned 404 in 6 ms
 HTTP  4/7/2026 12:02:38 AM ::1 Returned 404 in 7 ms
 HTTP  4/7/2026 12:02:38 AM ::1 GET /nikhil-sai-nethi-portfolio/_next/static/chunks/0447dqhrnivjr.js
 HTTP  4/7/2026 12:02:38 AM ::1 Returned 404 in 4 ms
 HTTP  4/7/2026 12:02:38 AM ::1 GET /nikhil-sai-nethi-portfolio/_next/static/chunks/1658s.jmfu3bl.js
 HTTP  4/7/2026 12:02:38 AM ::1 GET /nikhil-sai-nethi-portfolio/_next/static/chunks/0~xsfa46ru.-w.js
 HTTP  4/7/2026 12:02:38 AM ::1 GET /nikhil-sai-nethi-portfolio/_next/static/chunks/0jy4kiw_su61_.js
 HTTP  4/7/2026 12:02:38 AM ::1 Returned 404 in 3 ms
 HTTP  4/7/2026 12:02:38 AM ::1 Returned 404 in 3 ms
 HTTP  4/7/2026 12:02:38 AM ::1 Returned 404 in 3 ms

 INFO  Gracefully shutting down. Please wait...
